<?xml version="1.0" encoding="UTF-8"?>
<!-- Generated by org.testng.reporters.JUnitXMLReporter -->
<testsuite hostname="LAPTOP-0H9ENQD4" ignored="0" name="Command line test" tests="9" failures="2" timestamp="07 Dec 2020 14:22:07 GMT" time="647.758" errors="0">
  <testcase name="f" time="604.796" classname="com.orangehrmlive.DataProviderTest">
    <failure type="org.openqa.selenium.SessionNotCreatedException" message="session not created
from timeout: Timed out receiving message from renderer: 600.000
  (Session info: chrome=86.0.4240.198)
Build info: version: &amp;apos;3.141.59&amp;apos;, revision: &amp;apos;e82be7d358&amp;apos;, time: &amp;apos;2018-11-14T08:17:03&amp;apos;
System info: host: &amp;apos;LAPTOP-0H9ENQD4&amp;apos;, ip: &amp;apos;192.168.0.105&amp;apos;, os.name: &amp;apos;Windows 10&amp;apos;, os.arch: &amp;apos;amd64&amp;apos;, os.version: &amp;apos;10.0&amp;apos;, java.version: &amp;apos;1.8.0_271&amp;apos;
Driver info: driver.version: ChromeDriver
remote stacktrace: Backtrace:
	Ordinal0 [0x00ECC013+3194899]
	Ordinal0 [0x00DB6021+2056225]
	Ordinal0 [0x00C4F608+587272]
	Ordinal0 [0x00C436EC+538348]
	Ordinal0 [0x00C42A6F+535151]
	Ordinal0 [0x00C42E45+536133]
	Ordinal0 [0x00C427A5+534437]
	Ordinal0 [0x00C4BBC9+572361]
	Ordinal0 [0x00C42754+534356]
	Ordinal0 [0x00C43475+537717]
	Ordinal0 [0x00C42A6F+535151]
	Ordinal0 [0x00C42E45+536133]
	Ordinal0 [0x00C427A5+534437]
	Ordinal0 [0x00C49EFE+564990]
	Ordinal0 [0x00C42754+534356]
	Ordinal0 [0x00C43475+537717]
	Ordinal0 [0x00C42A6F+535151]
	Ordinal0 [0x00C42E45+536133]
	Ordinal0 [0x00C427A5+534437]
	Ordinal0 [0x00C48186+557446]
	Ordinal0 [0x00C42754+534356]
	Ordinal0 [0x00C43475+537717]
	Ordinal0 [0x00C42A6F+535151]
	Ordinal0 [0x00C42E45+536133]
	Ordinal0 [0x00C427A5+534437]
	Ordinal0 [0x00C474A7+554151]
	Ordinal0 [0x00C42754+534356]
	Ordinal0 [0x00C43475+537717]
	Ordinal0 [0x00C42A6F+535151]
	Ordinal0 [0x00C42E45+536133]
	Ordinal0 [0x00C427A5+534437]
	Ordinal0 [0x00C3F06C+520300]
	Ordinal0 [0x00C42754+534356]
	Ordinal0 [0x00C425BF+533951]
	Ordinal0 [0x00C423D3+533459]
	Ordinal0 [0x00C50620+591392]
	Ordinal0 [0x00BF2A0C+207372]
	Ordinal0 [0x00BF1D0D+204045]
	Ordinal0 [0x00BEFC1B+195611]
	Ordinal0 [0x00BD3B7F+80767]
	Ordinal0 [0x00BD4B4E+84814]
	Ordinal0 [0x00BD4AD9+84697]
	Ordinal0 [0x00DCCE64+2149988]
	GetHandleVerifier [0x0103BE95+1400773]
	GetHandleVerifier [0x0103BB61+1399953]
	GetHandleVerifier [0x010431FA+1430314]
	GetHandleVerifier [0x0103C69F+1402831]
	Ordinal0 [0x00DC3D61+2112865]
	Ordinal0 [0x00DCE5CB+2155979]
	Ordinal0 [0x00DCE6F5+2156277]
	Ordinal0 [0x00DDF26E+2224750]
	BaseThreadInitThunk [0x75306359+25]
	RtlGetAppContainerNamedObjectPath [0x77B68944+228]
	RtlGetAppContainerNamedObjectPath [0x77B68914+180]
">
      <![CDATA[org.openqa.selenium.SessionNotCreatedException: session not created
from timeout: Timed out receiving message from renderer: 600.000
  (Session info: chrome=86.0.4240.198)
Build info: version: '3.141.59', revision: 'e82be7d358', time: '2018-11-14T08:17:03'
System info: host: 'LAPTOP-0H9ENQD4', ip: '192.168.0.105', os.name: 'Windows 10', os.arch: 'amd64', os.version: '10.0', java.version: '1.8.0_271'
Driver info: driver.version: ChromeDriver
remote stacktrace: Backtrace:
Ordinal0 [0x00ECC013+3194899]
Ordinal0 [0x00DB6021+2056225]
Ordinal0 [0x00C4F608+587272]
Ordinal0 [0x00C436EC+538348]
Ordinal0 [0x00C42A6F+535151]
Ordinal0 [0x00C42E45+536133]
Ordinal0 [0x00C427A5+534437]
Ordinal0 [0x00C4BBC9+572361]
Ordinal0 [0x00C42754+534356]
Ordinal0 [0x00C43475+537717]
Ordinal0 [0x00C42A6F+535151]
Ordinal0 [0x00C42E45+536133]
Ordinal0 [0x00C427A5+534437]
Ordinal0 [0x00C49EFE+564990]
Ordinal0 [0x00C42754+534356]
Ordinal0 [0x00C43475+537717]
Ordinal0 [0x00C42A6F+535151]
Ordinal0 [0x00C42E45+536133]
Ordinal0 [0x00C427A5+534437]
Ordinal0 [0x00C48186+557446]
Ordinal0 [0x00C42754+534356]
Ordinal0 [0x00C43475+537717]
Ordinal0 [0x00C42A6F+535151]
Ordinal0 [0x00C42E45+536133]
Ordinal0 [0x00C427A5+534437]
Ordinal0 [0x00C474A7+554151]
Ordinal0 [0x00C42754+534356]
Ordinal0 [0x00C43475+537717]
Ordinal0 [0x00C42A6F+535151]
Ordinal0 [0x00C42E45+536133]
Ordinal0 [0x00C427A5+534437]
Ordinal0 [0x00C3F06C+520300]
Ordinal0 [0x00C42754+534356]
Ordinal0 [0x00C425BF+533951]
Ordinal0 [0x00C423D3+533459]
Ordinal0 [0x00C50620+591392]
Ordinal0 [0x00BF2A0C+207372]
Ordinal0 [0x00BF1D0D+204045]
Ordinal0 [0x00BEFC1B+195611]
Ordinal0 [0x00BD3B7F+80767]
Ordinal0 [0x00BD4B4E+84814]
Ordinal0 [0x00BD4AD9+84697]
Ordinal0 [0x00DCCE64+2149988]
GetHandleVerifier [0x0103BE95+1400773]
GetHandleVerifier [0x0103BB61+1399953]
GetHandleVerifier [0x010431FA+1430314]
GetHandleVerifier [0x0103C69F+1402831]
Ordinal0 [0x00DC3D61+2112865]
Ordinal0 [0x00DCE5CB+2155979]
Ordinal0 [0x00DCE6F5+2156277]
Ordinal0 [0x00DDF26E+2224750]
BaseThreadInitThunk [0x75306359+25]
RtlGetAppContainerNamedObjectPath [0x77B68944+228]
RtlGetAppContainerNamedObjectPath [0x77B68914+180]

at org.openqa.selenium.remote.W3CHandshakeResponse.lambda$errorHandler$0(W3CHandshakeResponse.java:62)
at org.openqa.selenium.remote.HandshakeResponse.lambda$getResponseFunction$0(HandshakeResponse.java:30)
at org.openqa.selenium.remote.ProtocolHandshake.lambda$createSession$0(ProtocolHandshake.java:126)
at java.util.stream.ReferencePipeline$3$1.accept(ReferencePipeline.java:193)
at java.util.Spliterators$ArraySpliterator.tryAdvance(Spliterators.java:958)
at java.util.stream.ReferencePipeline.forEachWithCancel(ReferencePipeline.java:126)
at java.util.stream.AbstractPipeline.copyIntoWithCancel(AbstractPipeline.java:499)
at java.util.stream.AbstractPipeline.copyInto(AbstractPipeline.java:486)
at java.util.stream.AbstractPipeline.wrapAndCopyInto(AbstractPipeline.java:472)
at java.util.stream.FindOps$FindOp.evaluateSequential(FindOps.java:152)
at java.util.stream.AbstractPipeline.evaluate(AbstractPipeline.java:234)
at java.util.stream.ReferencePipeline.findFirst(ReferencePipeline.java:464)
at org.openqa.selenium.remote.ProtocolHandshake.createSession(ProtocolHandshake.java:128)
at org.openqa.selenium.remote.ProtocolHandshake.createSession(ProtocolHandshake.java:74)
at org.openqa.selenium.remote.HttpCommandExecutor.execute(HttpCommandExecutor.java:136)
at org.openqa.selenium.remote.service.DriverCommandExecutor.execute(DriverCommandExecutor.java:83)
at org.openqa.selenium.remote.RemoteWebDriver.execute(RemoteWebDriver.java:552)
at org.openqa.selenium.remote.RemoteWebDriver.startSession(RemoteWebDriver.java:213)
at org.openqa.selenium.remote.RemoteWebDriver.<init>(RemoteWebDriver.java:131)
at org.openqa.selenium.chrome.ChromeDriver.<init>(ChromeDriver.java:181)
at org.openqa.selenium.chrome.ChromeDriver.<init>(ChromeDriver.java:168)
at org.openqa.selenium.chrome.ChromeDriver.<init>(ChromeDriver.java:123)
at com.orangehrmlive.DataProviderTest.f(DataProviderTest.java:17)
... Removed 39 stack frames]]>
    </failure>
  </testcase> <!-- f -->
  <testcase name="f" time="15.891" classname="com.orangehrmlive.DataProviderTest"/>
  <testcase name="adminmodule1" time="0.0" classname="com.orangehrmlive.GroupTest"/>
  <testcase name="adminmodule2" time="0.001" classname="com.orangehrmlive.GroupTest"/>
  <testcase name="leavemodule1" time="0.001" classname="com.orangehrmlive.GroupTest"/>
  <testcase name="leavemodule2" time="0.001" classname="com.orangehrmlive.GroupTest"/>
  <testcase name="adminTest" time="1.691" classname="com.orangehrmlive.TestNGDemo"/>
  <testcase name="leaveTest" time="3.628" classname="com.orangehrmlive.TestNGDemo"/>
  <testcase name="paratest" time="0.0" classname="com.orangehrmlive.XmlTest">
    <failure type="org.testng.TestNGException" message="
Parameter &amp;apos;uname&amp;apos; is required by @Test on method paratest but has not been marked @Optional or defined
">
      <![CDATA[org.testng.TestNGException: 
Parameter 'uname' is required by @Test on method paratest but has not been marked @Optional or defined

... Removed 34 stack frames]]>
    </failure>
  </testcase> <!-- paratest -->
</testsuite> <!-- Command line test -->
