<?xml version="1.0" encoding="UTF-8"?>
<!-- Generated by org.testng.reporters.JUnitReportReporter -->
<testsuite skipped="0" hostname="LAPTOP-0H9ENQD4" name="com.orangehrmlive.DataProviderTest" tests="2" failures="0" timestamp="07 Dec 2020 14:22:07 GMT" time="620.687" errors="1">
  <testcase name="f" time="604.796" classname="com.orangehrmlive.DataProviderTest">
    <error type="org.openqa.selenium.SessionNotCreatedException" message="session not created
from timeout: Timed out receiving message from renderer: 600.000
  (Session info: chrome=86.0.4240.198)
Build info: version: &#039;3.141.59&#039;, revision: &#039;e82be7d358&#039;, time: &#039;2018-11-14T08:17:03&#039;
System info: host: &#039;LAPTOP-0H9ENQD4&#039;, ip: &#039;192.168.0.105&#039;, os.name: &#039;Windows 10&#039;, os.arch: &#039;amd64&#039;, os.version: &#039;10.0&#039;, java.version: &#039;1.8.0_271&#039;
Driver info: driver.version: ChromeDriver
remote stacktrace: Backtrace:
	Ordinal0 [0x00ECC013+3194899]
	Ordinal0 [0x00DB6021+2056225]
	Ordinal0 [0x00C4F608+587272]
	Ordinal0 [0x00C436EC+538348]
	Ordinal0 [0x00C42A6F+535151]
	Ordinal0 [0x00C42E45+536133]
	Ordinal0 [0x00C427A5+534437]
	Ordinal0 [0x00C4BBC9+572361]
	Ordinal0 [0x00C42754+534356]
	Ordinal0 [0x00C43475+537717]
	Ordinal0 [0x00C42A6F+535151]
	Ordinal0 [0x00C42E45+536133]
	Ordinal0 [0x00C427A5+534437]
	Ordinal0 [0x00C49EFE+564990]
	Ordinal0 [0x00C42754+534356]
	Ordinal0 [0x00C43475+537717]
	Ordinal0 [0x00C42A6F+535151]
	Ordinal0 [0x00C42E45+536133]
	Ordinal0 [0x00C427A5+534437]
	Ordinal0 [0x00C48186+557446]
	Ordinal0 [0x00C42754+534356]
	Ordinal0 [0x00C43475+537717]
	Ordinal0 [0x00C42A6F+535151]
	Ordinal0 [0x00C42E45+536133]
	Ordinal0 [0x00C427A5+534437]
	Ordinal0 [0x00C474A7+554151]
	Ordinal0 [0x00C42754+534356]
	Ordinal0 [0x00C43475+537717]
	Ordinal0 [0x00C42A6F+535151]
	Ordinal0 [0x00C42E45+536133]
	Ordinal0 [0x00C427A5+534437]
	Ordinal0 [0x00C3F06C+520300]
	Ordinal0 [0x00C42754+534356]
	Ordinal0 [0x00C425BF+533951]
	Ordinal0 [0x00C423D3+533459]
	Ordinal0 [0x00C50620+591392]
	Ordinal0 [0x00BF2A0C+207372]
	Ordinal0 [0x00BF1D0D+204045]
	Ordinal0 [0x00BEFC1B+195611]
	Ordinal0 [0x00BD3B7F+80767]
	Ordinal0 [0x00BD4B4E+84814]
	Ordinal0 [0x00BD4AD9+84697]
	Ordinal0 [0x00DCCE64+2149988]
	GetHandleVerifier [0x0103BE95+1400773]
	GetHandleVerifier [0x0103BB61+1399953]
	GetHandleVerifier [0x010431FA+1430314]
	GetHandleVerifier [0x0103C69F+1402831]
	Ordinal0 [0x00DC3D61+2112865]
	Ordinal0 [0x00DCE5CB+2155979]
	Ordinal0 [0x00DCE6F5+2156277]
	Ordinal0 [0x00DDF26E+2224750]
	BaseThreadInitThunk [0x75306359+25]
	RtlGetAppContainerNamedObjectPath [0x77B68944+228]
	RtlGetAppContainerNamedObjectPath [0x77B68914+180]
">
      <![CDATA[org.openqa.selenium.SessionNotCreatedException: session not created
from timeout: Timed out receiving message from renderer: 600.000
  (Session info: chrome=86.0.4240.198)
Build info: version: '3.141.59', revision: 'e82be7d358', time: '2018-11-14T08:17:03'
System info: host: 'LAPTOP-0H9ENQD4', ip: '192.168.0.105', os.name: 'Windows 10', os.arch: 'amd64', os.version: '10.0', java.version: '1.8.0_271'
Driver info: driver.version: ChromeDriver
remote stacktrace: Backtrace:
Ordinal0 [0x00ECC013+3194899]
Ordinal0 [0x00DB6021+2056225]
Ordinal0 [0x00C4F608+587272]
Ordinal0 [0x00C436EC+538348]
Ordinal0 [0x00C42A6F+535151]
Ordinal0 [0x00C42E45+536133]
Ordinal0 [0x00C427A5+534437]
Ordinal0 [0x00C4BBC9+572361]
Ordinal0 [0x00C42754+534356]
Ordinal0 [0x00C43475+537717]
Ordinal0 [0x00C42A6F+535151]
Ordinal0 [0x00C42E45+536133]
Ordinal0 [0x00C427A5+534437]
Ordinal0 [0x00C49EFE+564990]
Ordinal0 [0x00C42754+534356]
Ordinal0 [0x00C43475+537717]
Ordinal0 [0x00C42A6F+535151]
Ordinal0 [0x00C42E45+536133]
Ordinal0 [0x00C427A5+534437]
Ordinal0 [0x00C48186+557446]
Ordinal0 [0x00C42754+534356]
Ordinal0 [0x00C43475+537717]
Ordinal0 [0x00C42A6F+535151]
Ordinal0 [0x00C42E45+536133]
Ordinal0 [0x00C427A5+534437]
Ordinal0 [0x00C474A7+554151]
Ordinal0 [0x00C42754+534356]
Ordinal0 [0x00C43475+537717]
Ordinal0 [0x00C42A6F+535151]
Ordinal0 [0x00C42E45+536133]
Ordinal0 [0x00C427A5+534437]
Ordinal0 [0x00C3F06C+520300]
Ordinal0 [0x00C42754+534356]
Ordinal0 [0x00C425BF+533951]
Ordinal0 [0x00C423D3+533459]
Ordinal0 [0x00C50620+591392]
Ordinal0 [0x00BF2A0C+207372]
Ordinal0 [0x00BF1D0D+204045]
Ordinal0 [0x00BEFC1B+195611]
Ordinal0 [0x00BD3B7F+80767]
Ordinal0 [0x00BD4B4E+84814]
Ordinal0 [0x00BD4AD9+84697]
Ordinal0 [0x00DCCE64+2149988]
GetHandleVerifier [0x0103BE95+1400773]
GetHandleVerifier [0x0103BB61+1399953]
GetHandleVerifier [0x010431FA+1430314]
GetHandleVerifier [0x0103C69F+1402831]
Ordinal0 [0x00DC3D61+2112865]
Ordinal0 [0x00DCE5CB+2155979]
Ordinal0 [0x00DCE6F5+2156277]
Ordinal0 [0x00DDF26E+2224750]
BaseThreadInitThunk [0x75306359+25]
RtlGetAppContainerNamedObjectPath [0x77B68944+228]
RtlGetAppContainerNamedObjectPath [0x77B68914+180]

at sun.reflect.NativeConstructorAccessorImpl.newInstance0(Native Method)
at sun.reflect.NativeConstructorAccessorImpl.newInstance(NativeConstructorAccessorImpl.java:62)
at sun.reflect.DelegatingConstructorAccessorImpl.newInstance(DelegatingConstructorAccessorImpl.java:45)
at java.lang.reflect.Constructor.newInstance(Constructor.java:423)
at org.openqa.selenium.remote.W3CHandshakeResponse.lambda$errorHandler$0(W3CHandshakeResponse.java:62)
at org.openqa.selenium.remote.HandshakeResponse.lambda$getResponseFunction$0(HandshakeResponse.java:30)
at org.openqa.selenium.remote.ProtocolHandshake.lambda$createSession$0(ProtocolHandshake.java:126)
at java.util.stream.ReferencePipeline$3$1.accept(ReferencePipeline.java:193)
at java.util.Spliterators$ArraySpliterator.tryAdvance(Spliterators.java:958)
at java.util.stream.ReferencePipeline.forEachWithCancel(ReferencePipeline.java:126)
at java.util.stream.AbstractPipeline.copyIntoWithCancel(AbstractPipeline.java:499)
at java.util.stream.AbstractPipeline.copyInto(AbstractPipeline.java:486)
at java.util.stream.AbstractPipeline.wrapAndCopyInto(AbstractPipeline.java:472)
at java.util.stream.FindOps$FindOp.evaluateSequential(FindOps.java:152)
at java.util.stream.AbstractPipeline.evaluate(AbstractPipeline.java:234)
at java.util.stream.ReferencePipeline.findFirst(ReferencePipeline.java:464)
at org.openqa.selenium.remote.ProtocolHandshake.createSession(ProtocolHandshake.java:128)
at org.openqa.selenium.remote.ProtocolHandshake.createSession(ProtocolHandshake.java:74)
at org.openqa.selenium.remote.HttpCommandExecutor.execute(HttpCommandExecutor.java:136)
at org.openqa.selenium.remote.service.DriverCommandExecutor.execute(DriverCommandExecutor.java:83)
at org.openqa.selenium.remote.RemoteWebDriver.execute(RemoteWebDriver.java:552)
at org.openqa.selenium.remote.RemoteWebDriver.startSession(RemoteWebDriver.java:213)
at org.openqa.selenium.remote.RemoteWebDriver.<init>(RemoteWebDriver.java:131)
at org.openqa.selenium.chrome.ChromeDriver.<init>(ChromeDriver.java:181)
at org.openqa.selenium.chrome.ChromeDriver.<init>(ChromeDriver.java:168)
at org.openqa.selenium.chrome.ChromeDriver.<init>(ChromeDriver.java:123)
at com.orangehrmlive.DataProviderTest.f(DataProviderTest.java:17)
at sun.reflect.NativeMethodAccessorImpl.invoke0(Native Method)
at sun.reflect.NativeMethodAccessorImpl.invoke(NativeMethodAccessorImpl.java:62)
at sun.reflect.DelegatingMethodAccessorImpl.invoke(DelegatingMethodAccessorImpl.java:43)
at java.lang.reflect.Method.invoke(Method.java:498)
at org.testng.internal.MethodInvocationHelper.invokeMethod(MethodInvocationHelper.java:124)
at org.testng.internal.Invoker.invokeMethod(Invoker.java:583)
at org.testng.internal.Invoker.invokeTestMethod(Invoker.java:719)
at org.testng.internal.Invoker.invokeTestMethods(Invoker.java:989)
at org.testng.internal.TestMethodWorker.invokeTestMethods(TestMethodWorker.java:125)
at org.testng.internal.TestMethodWorker.run(TestMethodWorker.java:109)
at org.testng.TestRunner.privateRun(TestRunner.java:648)
at org.testng.TestRunner.run(TestRunner.java:505)
at org.testng.SuiteRunner.runTest(SuiteRunner.java:455)
at org.testng.SuiteRunner.runSequentially(SuiteRunner.java:450)
at org.testng.SuiteRunner.privateRun(SuiteRunner.java:415)
at org.testng.SuiteRunner.run(SuiteRunner.java:364)
at org.testng.SuiteRunnerWorker.runSuite(SuiteRunnerWorker.java:52)
at org.testng.SuiteRunnerWorker.run(SuiteRunnerWorker.java:84)
at org.testng.TestNG.runSuitesSequentially(TestNG.java:1208)
at org.testng.TestNG.runSuitesLocally(TestNG.java:1137)
at org.testng.TestNG.runSuites(TestNG.java:1049)
at org.testng.TestNG.run(TestNG.java:1017)
at org.apache.maven.surefire.testng.TestNGExecutor.run(TestNGExecutor.java:77)
at org.apache.maven.surefire.testng.TestNGDirectoryTestSuite.executeMulti(TestNGDirectoryTestSuite.java:159)
at org.apache.maven.surefire.testng.TestNGDirectoryTestSuite.execute(TestNGDirectoryTestSuite.java:99)
at org.apache.maven.surefire.testng.TestNGProvider.invoke(TestNGProvider.java:106)
at sun.reflect.NativeMethodAccessorImpl.invoke0(Native Method)
at sun.reflect.NativeMethodAccessorImpl.invoke(NativeMethodAccessorImpl.java:62)
at sun.reflect.DelegatingMethodAccessorImpl.invoke(DelegatingMethodAccessorImpl.java:43)
at java.lang.reflect.Method.invoke(Method.java:498)
at org.apache.maven.surefire.util.ReflectionUtils.invokeMethodWithArray(ReflectionUtils.java:189)
at org.apache.maven.surefire.booter.ProviderFactory$ProviderProxy.invoke(ProviderFactory.java:165)
at org.apache.maven.surefire.booter.ProviderFactory.invokeProvider(ProviderFactory.java:85)
at org.apache.maven.surefire.booter.ForkedBooter.runSuitesInProcess(ForkedBooter.java:115)
at org.apache.maven.surefire.booter.ForkedBooter.main(ForkedBooter.java:75)
]]>
    </error>
  </testcase> <!-- f -->
  <testcase name="f" time="15.891" classname="com.orangehrmlive.DataProviderTest"/>
</testsuite> <!-- com.orangehrmlive.DataProviderTest -->
